<?xml version="1.0" encoding="UTF-8"?>
<!-- Generated by org.testng.reporters.JUnitReportReporter -->
<testsuite hostname="LAPTOP-7SU4SQ2L" failures="0" tests="6" name="files.DynamicJson" time="2.978" errors="0" timestamp="2021-12-01T23:00:10 IST" skipped="0">
  <testcase classname="files.DynamicJson" name="addBook" time="0.159"/>
  <system-out/>
  <testcase classname="files.DynamicJson" name="addBook" time="0.168"/>
  <system-out/>
  <testcase classname="files.DynamicJson" name="deleteBook" time="0.148"/>
  <system-out/>
  <testcase classname="files.DynamicJson" name="deleteBook" time="0.149"/>
  <system-out/>
  <testcase classname="files.DynamicJson" name="addBook" time="2.198"/>
  <system-out/>
  <testcase classname="files.DynamicJson" name="deleteBook" time="0.156"/>
  <system-out/>
</testsuite> <!-- files.DynamicJson -->
